<?xml version="1.0" encoding="UTF-8"?>
<testng-results ignored="0" total="1" passed="1" failed="0" skipped="0">
  <reporter-output>
  </reporter-output>
  <suite started-at="2023-06-04T19:49:31 IST" name="Default suite" finished-at="2023-06-04T19:49:31 IST" duration-ms="191">
    <groups>
    </groups>
    <test started-at="2023-06-04T19:49:31 IST" name="Default test" finished-at="2023-06-04T19:49:31 IST" duration-ms="191">
      <class name="practice1.Sample1Test">
        <test-method signature="welcome()[pri:0, instance:practice1.Sample1Test@79924b]" started-at="2023-06-04T19:49:31 IST" name="welcome" finished-at="2023-06-04T19:49:31 IST" duration-ms="78" status="PASS">
          <reporter-output>
          </reporter-output>
        </test-method> <!-- welcome -->
      </class> <!-- practice1.Sample1Test -->
    </test> <!-- Default test -->
  </suite> <!-- Default suite -->
</testng-results>
